<?xml version="1.0" encoding="UTF-8"?>
<!-- Generated by org.testng.reporters.JUnitXMLReporter -->
<testsuite hostname="LAPTOP-0VDS8URQ" name="Command line test" tests="3" failures="0" timestamp="9 Oct 2023 07:02:55 GMT" time="18.462" errors="0">
  <testcase name="rediffmethod1" time="0.0" classname="tests.Rediff_LoginTest"/>
  <testcase name="rediffmethod1" time="0.0" classname="tests.Rediff_ShoppingTest"/>
  <testcase name="rediffmethod1" time="0.0" classname="tests.Rediff_createNewAccountTest"/>
</testsuite> <!-- Command line test -->
