<?xml version="1.0" encoding="UTF-8"?>
<testng-results skipped="0" failed="0" total="3" passed="3">
  <reporter-output>
  </reporter-output>
  <suite name="Command line suite" duration-ms="18462" started-at="2023-10-09T07:02:36Z" finished-at="2023-10-09T07:02:55Z">
    <groups>
    </groups>
    <test name="Command line test" duration-ms="18462" started-at="2023-10-09T07:02:36Z" finished-at="2023-10-09T07:02:55Z">
      <class name="tests.Rediff_LoginTest">
        <test-method status="PASS" signature="setUp()[pri:0, instance:tests.Rediff_LoginTest@62ee68d8]" name="setUp" is-config="true" duration-ms="5292" started-at="2023-10-09T12:32:36Z" finished-at="2023-10-09T12:32:41Z">
          <reporter-output>
          </reporter-output>
        </test-method> <!-- setUp -->
        <test-method status="PASS" signature="setUp()[pri:0, instance:tests.Rediff_ShoppingTest@4cc0edeb]" name="setUp" is-config="true" duration-ms="4762" started-at="2023-10-09T12:32:41Z" finished-at="2023-10-09T12:32:46Z">
          <reporter-output>
          </reporter-output>
        </test-method> <!-- setUp -->
        <test-method status="PASS" signature="setUp()[pri:0, instance:tests.Rediff_createNewAccountTest@7823a2f9]" name="setUp" is-config="true" duration-ms="4715" started-at="2023-10-09T12:32:46Z" finished-at="2023-10-09T12:32:51Z">
          <reporter-output>
          </reporter-output>
        </test-method> <!-- setUp -->
        <test-method status="PASS" signature="rediffmethod1()[pri:0, instance:tests.Rediff_LoginTest@62ee68d8]" name="rediffmethod1" duration-ms="0" started-at="2023-10-09T12:32:51Z" finished-at="2023-10-09T12:32:51Z">
          <reporter-output>
          </reporter-output>
        </test-method> <!-- rediffmethod1 -->
        <test-method status="PASS" signature="tearDown()[pri:0, instance:tests.Rediff_LoginTest@62ee68d8]" name="tearDown" is-config="true" duration-ms="1660" started-at="2023-10-09T12:32:51Z" finished-at="2023-10-09T12:32:53Z">
          <reporter-output>
          </reporter-output>
        </test-method> <!-- tearDown -->
        <test-method status="PASS" signature="tearDown()[pri:0, instance:tests.Rediff_ShoppingTest@4cc0edeb]" name="tearDown" is-config="true" duration-ms="1010" started-at="2023-10-09T12:32:53Z" finished-at="2023-10-09T12:32:54Z">
          <reporter-output>
          </reporter-output>
        </test-method> <!-- tearDown -->
        <test-method status="PASS" signature="tearDown()[pri:0, instance:tests.Rediff_createNewAccountTest@7823a2f9]" name="tearDown" is-config="true" duration-ms="1014" started-at="2023-10-09T12:32:54Z" finished-at="2023-10-09T12:32:55Z">
          <reporter-output>
          </reporter-output>
        </test-method> <!-- tearDown -->
      </class> <!-- tests.Rediff_LoginTest -->
      <class name="tests.Rediff_createNewAccountTest">
        <test-method status="PASS" signature="rediffmethod1()[pri:0, instance:tests.Rediff_createNewAccountTest@7823a2f9]" name="rediffmethod1" duration-ms="0" started-at="2023-10-09T12:32:51Z" finished-at="2023-10-09T12:32:51Z">
          <reporter-output>
          </reporter-output>
        </test-method> <!-- rediffmethod1 -->
      </class> <!-- tests.Rediff_createNewAccountTest -->
      <class name="tests.Rediff_ShoppingTest">
        <test-method status="PASS" signature="rediffmethod1()[pri:0, instance:tests.Rediff_ShoppingTest@4cc0edeb]" name="rediffmethod1" duration-ms="0" started-at="2023-10-09T12:32:51Z" finished-at="2023-10-09T12:32:51Z">
          <reporter-output>
          </reporter-output>
        </test-method> <!-- rediffmethod1 -->
      </class> <!-- tests.Rediff_ShoppingTest -->
    </test> <!-- Command line test -->
  </suite> <!-- Command line suite -->
</testng-results>
