<?xml version="1.0" encoding="UTF-8"?>
<testng-results total="3" passed="3" failed="0" skipped="0">
  <reporter-output>
  </reporter-output>
  <suite started-at="2023-10-11T05:32:38Z" name="Suite" finished-at="2023-10-11T05:33:49Z" duration-ms="70891">
    <groups>
    </groups>
    <test started-at="2023-10-11T05:32:38Z" name="Test1" finished-at="2023-10-11T05:33:28Z" duration-ms="49940">
      <class name="tests.Rediff_ShoppingTest">
        <test-method is-config="true" signature="setUp()[pri:0, instance:tests.Rediff_ShoppingTest@6bc407fd]" started-at="2023-10-11T11:02:38Z" name="setUp" finished-at="2023-10-11T11:03:27Z" duration-ms="48316" status="PASS">
          <reporter-output>
          </reporter-output>
        </test-method> <!-- setUp -->
        <test-method signature="rediffmethod1()[pri:0, instance:tests.Rediff_ShoppingTest@6bc407fd]" started-at="2023-10-11T11:03:27Z" name="rediffmethod1" finished-at="2023-10-11T11:03:27Z" duration-ms="4" status="PASS">
          <reporter-output>
          </reporter-output>
        </test-method> <!-- rediffmethod1 -->
        <test-method is-config="true" signature="tearDown()[pri:0, instance:tests.Rediff_ShoppingTest@6bc407fd]" started-at="2023-10-11T11:03:27Z" name="tearDown" finished-at="2023-10-11T11:03:28Z" duration-ms="1603" status="PASS">
          <reporter-output>
          </reporter-output>
        </test-method> <!-- tearDown -->
      </class> <!-- tests.Rediff_ShoppingTest -->
    </test> <!-- Test1 -->
    <test started-at="2023-10-11T05:33:28Z" name="Test2" finished-at="2023-10-11T05:33:44Z" duration-ms="16153">
      <class name="tests.Rediff_LoginTest">
        <test-method is-config="true" signature="setUp()[pri:0, instance:tests.Rediff_LoginTest@1fa1cab1]" started-at="2023-10-11T11:03:28Z" name="setUp" finished-at="2023-10-11T11:03:43Z" duration-ms="14509" status="PASS">
          <reporter-output>
          </reporter-output>
        </test-method> <!-- setUp -->
        <test-method is-config="true" signature="tearDown()[pri:0, instance:tests.Rediff_LoginTest@1fa1cab1]" started-at="2023-10-11T11:03:43Z" name="tearDown" finished-at="2023-10-11T11:03:44Z" duration-ms="1643" status="PASS">
          <reporter-output>
          </reporter-output>
        </test-method> <!-- tearDown -->
        <test-method signature="rediffmethod1()[pri:0, instance:tests.Rediff_LoginTest@1fa1cab1]" started-at="2023-10-11T11:03:43Z" name="rediffmethod1" finished-at="2023-10-11T11:03:43Z" duration-ms="0" status="PASS">
          <reporter-output>
          </reporter-output>
        </test-method> <!-- rediffmethod1 -->
      </class> <!-- tests.Rediff_LoginTest -->
    </test> <!-- Test2 -->
    <test started-at="2023-10-11T05:33:44Z" name="Test3" finished-at="2023-10-11T05:33:49Z" duration-ms="4732">
      <class name="tests.Rediff_createNewAccountTest">
        <test-method is-config="true" signature="setUp()[pri:0, instance:tests.Rediff_createNewAccountTest@67d18ed7]" started-at="2023-10-11T11:03:44Z" name="setUp" finished-at="2023-10-11T11:03:48Z" duration-ms="3040" status="PASS">
          <reporter-output>
          </reporter-output>
        </test-method> <!-- setUp -->
        <test-method is-config="true" signature="tearDown()[pri:0, instance:tests.Rediff_createNewAccountTest@67d18ed7]" started-at="2023-10-11T11:03:48Z" name="tearDown" finished-at="2023-10-11T11:03:49Z" duration-ms="1692" status="PASS">
          <reporter-output>
          </reporter-output>
        </test-method> <!-- tearDown -->
        <test-method signature="rediffmethod1()[pri:0, instance:tests.Rediff_createNewAccountTest@67d18ed7]" started-at="2023-10-11T11:03:48Z" name="rediffmethod1" finished-at="2023-10-11T11:03:48Z" duration-ms="0" status="PASS">
          <reporter-output>
          </reporter-output>
        </test-method> <!-- rediffmethod1 -->
      </class> <!-- tests.Rediff_createNewAccountTest -->
    </test> <!-- Test3 -->
  </suite> <!-- Suite -->
</testng-results>
